üîÑ Iniciando login no sistema.
üñºÔ∏è Screenshot: screenshots\login_inicio_162727.png
‚úÖ Login realizado.
üñºÔ∏è Screenshot: screenshots\login_concluido_162731.png
üîÑ Acessando o menu Capelas.
üñºÔ∏è Screenshot: screenshots\menu_inicio_162731.png
Traceback (most recent call last):
  File "C:\Users\Gold System\AppData\Local\Temp\_MEI55242\cenariostestespegasus\CadastrosAdicionais\CadastrosCen√°riosCapelas\cadastrodecapelas4¬∫cenario.py", line 151, in <module>
    main()
    ~~~~^^
  File "C:\Users\Gold System\AppData\Local\Temp\_MEI55242\cenariostestespegasus\CadastrosAdicionais\CadastrosCen√°riosCapelas\cadastrodecapelas4¬∫cenario.py", line 137, in main
    abrir_menu_capelas()
    ~~~~~~~~~~~~~~~~~~^^
  File "C:\Users\Gold System\AppData\Local\Temp\_MEI55242\cenariostestespegasus\CadastrosAdicionais\CadastrosCen√°riosCapelas\cadastrodecapelas4¬∫cenario.py", line 93, in abrir_menu_capelas
    campo.click()
    ~~~~~~~~~~~^^
  File "C:\Users\Gold System\AppData\Roaming\Python\Python313\site-packages\selenium\webdriver\remote\webelement.py", line 120, in click
    self._execute(Command.CLICK_ELEMENT)
    ~~~~~~~~~~~~~^^^^^^^^^^^^^^^^^^^^^^^
  File "C:\Users\Gold System\AppData\Roaming\Python\Python313\site-packages\selenium\webdriver\remote\webelement.py", line 573, in _execute
    return self._parent.execute(command, params)
           ~~~~~~~~~~~~~~~~~~~~^^^^^^^^^^^^^^^^^
  File "C:\Users\Gold System\AppData\Roaming\Python\Python313\site-packages\selenium\webdriver\remote\webdriver.py", line 458, in execute
    self.error_handler.check_response(response)
    ~~~~~~~~~~~~~~~~~~~~~~~~~~~~~~~~~^^^^^^^^^^
  File "C:\Users\Gold System\AppData\Roaming\Python\Python313\site-packages\selenium\webdriver\remote\errorhandler.py", line 232, in check_response
    raise exception_class(message, screen, stacktrace)
selenium.common.exceptions.ElementNotInteractableException: Message: element not interactable
  (Session info: chrome=140.0.7339.208); For documentation on this error, please visit: https://www.selenium.dev/documentation/webdriver/troubleshooting/errors#elementnotinteractableexception
Stacktrace:
	GetHandleVerifier [0x0x4fc333+65459]
	GetHandleVerifier [0x0x4fc374+65524]
	(No symbol) [0x0x31d7c0]
	(No symbol) [0x0x3688fe]
	(No symbol) [0x0x35d195]
	(No symbol) [0x0x389dfc]
	(No symbol) [0x0x35cbf4]
	(No symbol) [0x0x389fb4]
	(No symbol) [0x0x3ab606]
	(No symbol) [0x0x389bf6]
	(No symbol) [0x0x35b38e]
	(No symbol) [0x0x35c274]
	GetHandleVerifier [0x0x77eda3+2697763]
	GetHandleVerifier [0x0x779ec7+2677575]
	GetHandleVerifier [0x0x524194+228884]
	GetHandleVerifier [0x0x5149f8+165496]
	GetHandleVerifier [0x0x51b18d+192013]
	GetHandleVerifier [0x0x5047d8+99416]
	GetHandleVerifier [0x0x504972+99826]
	GetHandleVerifier [0x0x4eebea+10346]
	BaseThreadInitThunk [0x0x755bfcc9+25]
	RtlGetAppContainerNamedObjectPath [0x0x773a82ae+286]
	RtlGetAppContainerNamedObjectPath [0x0x773a827e+238]

